<?xml version="1.0" encoding="UTF-8"?>
<!-- Generated by org.testng.reporters.JUnitXMLReporter -->
<testsuite ignored="2" hostname="LAPTOP-OHBLOT8G" failures="0" tests="6" name="Home Loan" time="0.02" errors="0" timestamp="2021-09-20T19:04:03 EDT">
  <testcase classname="Test.day2" name="SigninHomeLoan" time="0.001"/>
  <testcase classname="Test.day2" name="HomeLoan" time="0.001"/>
  <testcase classname="Test.day2" name="HomeLoan" time="0.001"/>
  <testcase classname="Test.day2" name="HomeLoan" time="0.001"/>
  <testcase classname="Test.day2" name="WebLoginHomeLogin" time="0.001"/>
  <testcase classname="Test.day2" name="APIHomeLoan" time="0.001"/>
  <testcase classname="Test.day2" name="MobileLoginHomeLoan" time="0.0">
    <ignored/>
  </testcase> <!-- MobileLoginHomeLoan -->
  <testcase classname="Test.day2" name="MobileLogHomeLoan" time="0.0">
    <ignored/>
  </testcase> <!-- MobileLogHomeLoan -->
</testsuite> <!-- Home Loan -->
