<?xml version="1.0" encoding="UTF-8"?>
<!-- Generated by org.testng.reporters.JUnitXMLReporter -->
<testsuite ignored="1" hostname="LAPTOP-OHBLOT8G" failures="0" tests="8" name="Personal Loan" time="0.071" errors="0" timestamp="2021-09-20T19:04:03 EDT">
  <testcase classname="Test.Basics" name="realMadrid" time="0.005"/>
  <testcase classname="Test.day1" name="day1" time="0.001"/>
  <testcase classname="Test.day1" name="noWay" time="0.001"/>
  <testcase classname="Test.day1" name="ok" time="0.001"/>
  <testcase classname="Test.day1" name="why" time="0.001"/>
  <testcase classname="Test.day3" name="LoginAPICarLoan" time="0.002"/>
  <testcase classname="Test.day3" name="MobileLoginCarLoan" time="0.002"/>
  <testcase classname="Test.day3" name="WebLoginCarLogin" time="0.002"/>
  <testcase classname="Test.Basics" name="demo" time="0.0">
    <ignored/>
  </testcase> <!-- demo -->
</testsuite> <!-- Personal Loan -->
