<?xml version="1.0" encoding="UTF-8"?>
<!-- Generated by org.testng.reporters.JUnitXMLReporter -->
<testsuite ignored="12" hostname="LAPTOP-OHBLOT8G" failures="0" tests="3" name="Regression" time="0.048" errors="0" timestamp="2021-08-19T22:32:49 EDT">
  <testcase classname="Test.Basics" name="realMadrid" time="0.007"/>
  <testcase classname="Test.day1" name="day1" time="0.001"/>
  <testcase classname="Test.day2" name="MobileLogHomeLoan" time="0.001"/>
  <testcase classname="Test.day3" name="WebLoginCarLogin" time="0.0">
    <ignored/>
  </testcase> <!-- WebLoginCarLogin -->
  <testcase classname="Test.day2" name="MobileLoginHomeLoan" time="0.0">
    <ignored/>
  </testcase> <!-- MobileLoginHomeLoan -->
  <testcase classname="Test.day3" name="MobileLoginCarLoan" time="0.0">
    <ignored/>
  </testcase> <!-- MobileLoginCarLoan -->
  <testcase classname="Test.day2" name="LoginAPIHomeLoan" time="0.0">
    <ignored/>
  </testcase> <!-- LoginAPIHomeLoan -->
  <testcase classname="Test.day2" name="MobileSigninHomeLoan" time="0.0">
    <ignored/>
  </testcase> <!-- MobileSigninHomeLoan -->
  <testcase classname="Test.day1" name="why" time="0.0">
    <ignored/>
  </testcase> <!-- why -->
  <testcase classname="Test.day3" name="LoginAPICarLoan" time="0.0">
    <ignored/>
  </testcase> <!-- LoginAPICarLoan -->
  <testcase classname="Test.Basics" name="demo" time="0.0">
    <ignored/>
  </testcase> <!-- demo -->
  <testcase classname="Test.day2" name="MobileInHomeLoan" time="0.0">
    <ignored/>
  </testcase> <!-- MobileInHomeLoan -->
  <testcase classname="Test.day1" name="ok" time="0.0">
    <ignored/>
  </testcase> <!-- ok -->
  <testcase classname="Test.day1" name="noWay" time="0.0">
    <ignored/>
  </testcase> <!-- noWay -->
  <testcase classname="Test.day2" name="WebLoginHomeLogin" time="0.0">
    <ignored/>
  </testcase> <!-- WebLoginHomeLogin -->
</testsuite> <!-- Regression -->
